<?xml version="1.0" encoding="UTF-8"?>
<!-- Generated by org.testng.reporters.JUnitXMLReporter -->
<testsuite ignored="0" hostname="HP" failures="0" tests="3" name="Test" time="52.025" errors="0" timestamp="2022-05-26T12:11:44 BST">
  <testcase classname="learnParameters.Parameters_CreatLead" name="creatLead" time="9.977"/>
  <testcase classname="learnParameters.Parameters_CreatLead" name="creatLead" time="8.703"/>
  <testcase classname="learnParameters.Parameters_CreatLead" name="creatLead" time="8.587"/>
</testsuite> <!-- Test -->
