<?xml version="1.0" encoding="UTF-8"?>
<testng-results ignored="0" total="1" passed="1" failed="0" skipped="0">
  <reporter-output>
  </reporter-output>
  <suite started-at="2023-01-06T23:37:40 GMT" name="Default suite" finished-at="2023-01-06T23:37:49 GMT" duration-ms="8602">
    <groups>
    </groups>
    <test started-at="2023-01-06T23:37:40 GMT" name="Default test" finished-at="2023-01-06T23:37:49 GMT" duration-ms="8602">
      <class name="com.testleaf.testcases.TC001_Login">
        <test-method signature="verifyLogin()[pri:0, instance:com.testleaf.testcases.TC001_Login@18ce0030]" started-at="2023-01-06T23:37:40 GMT" name="verifyLogin" finished-at="2023-01-06T23:37:49 GMT" duration-ms="8565" status="PASS">
          <reporter-output>
          </reporter-output>
        </test-method> <!-- verifyLogin -->
      </class> <!-- com.testleaf.testcases.TC001_Login -->
    </test> <!-- Default test -->
  </suite> <!-- Default suite -->
</testng-results>
